2022-07-19 11:15:01,088 - __main__ - INFO - Token value: Token not available!
2022-07-19 11:15:01,760 - __main__ - INFO - Weather in Berlin: 30.32
2022-07-19 10:09:58,525 - __main__ - INFO - Token value: 1234
2022-07-19 10:09:58,949 - __main__ - INFO - Weather in Berlin: 32.56
2022-07-19 12:17:50,405 - __main__ - INFO - Token value: 1234
2022-07-19 12:17:50,875 - __main__ - INFO - Weather in Berlin: 33.66
2022-07-19 14:09:00,868 - __main__ - INFO - Token value: 1234
2022-07-19 14:09:01,435 - __main__ - INFO - Weather in Berlin: 34.86
2022-07-19 16:12:16,906 - __main__ - INFO - Token value: 1234
2022-07-19 16:12:17,306 - __main__ - INFO - Weather in Berlin: 34.28
2022-07-19 18:10:53,682 - __main__ - INFO - Token value: 1234
2022-07-19 18:10:53,844 - __main__ - INFO - Weather in Berlin: 31.9
2022-07-19 20:09:35,027 - __main__ - INFO - Token value: 1234
2022-07-19 20:09:35,139 - __main__ - INFO - Weather in Berlin: 27.52
2022-07-19 22:09:04,334 - __main__ - INFO - Token value: 1234
2022-07-19 22:09:04,912 - __main__ - INFO - Weather in Berlin: 25.4
2022-07-20 00:46:12,649 - __main__ - INFO - Token value: 1234
2022-07-20 00:46:13,296 - __main__ - INFO - Weather in Berlin: 24.18
2022-07-20 03:36:18,748 - __main__ - INFO - Token value: 1234
2022-07-20 03:36:18,916 - __main__ - INFO - Weather in Berlin: 22.12
2022-07-20 04:30:43,477 - __main__ - INFO - Token value: 1234
2022-07-20 04:30:43,776 - __main__ - INFO - Weather in Berlin: 21.64
2022-07-20 06:11:40,340 - __main__ - INFO - Token value: 1234
2022-07-20 06:11:41,194 - __main__ - INFO - Weather in Berlin: 24.95
2022-07-20 08:12:25,109 - __main__ - INFO - Token value: 1234
2022-07-20 08:12:25,397 - __main__ - INFO - Weather in Berlin: 30.85
2022-07-20 10:09:27,874 - __main__ - INFO - Token value: 1234
2022-07-20 10:09:28,041 - __main__ - INFO - Weather in Berlin: 35.42
2022-07-20 12:16:14,801 - __main__ - INFO - Token value: 1234
2022-07-20 12:16:15,447 - __main__ - INFO - Weather in Berlin: 36.64
2022-07-20 14:10:42,143 - __main__ - INFO - Token value: 1234
2022-07-20 14:10:42,285 - __main__ - INFO - Weather in Berlin: 37.34
2022-07-20 16:11:32,101 - __main__ - INFO - Token value: 1234
2022-07-20 16:11:32,270 - __main__ - INFO - Weather in Berlin: 36.32
2022-07-20 18:11:08,871 - __main__ - INFO - Token value: 1234
2022-07-20 18:11:09,450 - __main__ - INFO - Weather in Berlin: 35.75
2022-07-20 20:10:07,208 - __main__ - INFO - Token value: 1234
2022-07-20 20:10:07,807 - __main__ - INFO - Weather in Berlin: 29.16
2022-07-20 22:08:32,880 - __main__ - INFO - Token value: 1234
2022-07-20 22:08:33,309 - __main__ - INFO - Weather in Berlin: 27.72
2022-07-21 00:51:04,670 - __main__ - INFO - Token value: 1234
2022-07-21 00:51:04,945 - __main__ - INFO - Weather in Berlin: 25.62
2022-07-21 03:32:21,183 - __main__ - INFO - Token value: 1234
2022-07-21 03:32:21,622 - __main__ - INFO - Weather in Berlin: 24.17
2022-07-21 04:33:49,059 - __main__ - INFO - Token value: 1234
2022-07-21 04:33:49,712 - __main__ - INFO - Weather in Berlin: 23.8
2022-07-21 06:11:40,676 - __main__ - INFO - Token value: 1234
2022-07-21 06:11:41,078 - __main__ - INFO - Weather in Berlin: 24.1
2022-07-21 08:11:51,774 - __main__ - INFO - Token value: 1234
2022-07-21 08:11:51,925 - __main__ - INFO - Weather in Berlin: 26.61
2022-07-21 10:10:48,231 - __main__ - INFO - Token value: 1234
2022-07-21 10:10:48,658 - __main__ - INFO - Weather in Berlin: 29.39
2022-07-21 12:16:51,452 - __main__ - INFO - Token value: 1234
2022-07-21 12:16:52,210 - __main__ - INFO - Weather in Berlin: 29.02
2022-07-21 14:10:13,059 - __main__ - INFO - Token value: 1234
2022-07-21 14:10:13,760 - __main__ - INFO - Weather in Berlin: 24.62
2022-07-21 16:11:48,481 - __main__ - INFO - Token value: 1234
2022-07-21 16:11:49,254 - __main__ - INFO - Weather in Berlin: 24.51
2022-07-21 18:11:19,590 - __main__ - INFO - Token value: 1234
2022-07-21 18:11:19,965 - __main__ - INFO - Weather in Berlin: 25.79
2022-07-21 20:10:30,244 - __main__ - INFO - Token value: 1234
2022-07-21 20:10:30,328 - __main__ - INFO - Weather in Berlin: 22.77
2022-07-25 00:44:39,700 - __main__ - INFO - Token value: 1234
2022-07-25 00:44:40,082 - __main__ - INFO - Weather in Berlin: 19.9
2022-08-01 00:54:12,206 - __main__ - INFO - Token value: 1234
2022-08-01 00:54:12,694 - __main__ - INFO - Weather in Berlin: 20.23
2022-08-08 00:40:42,506 - __main__ - INFO - Token value: 1234
2022-08-08 00:40:42,610 - __main__ - INFO - Weather in Berlin: 16.92
2022-08-15 00:44:48,218 - __main__ - INFO - Token value: 1234
2022-08-15 00:44:48,828 - __main__ - INFO - Weather in Berlin: 22.05
2022-08-22 00:46:22,483 - __main__ - INFO - Token value: 1234
2022-08-22 00:46:22,604 - __main__ - INFO - Weather in Berlin: 16.54
2022-08-29 00:51:03,885 - __main__ - INFO - Token value: 1234
2022-08-29 00:51:04,463 - __main__ - INFO - Weather in Berlin: 13.61
2022-09-05 00:54:44,539 - __main__ - INFO - Token value: 1234
2022-09-05 00:54:45,065 - __main__ - INFO - Weather in Berlin: 15.8
2022-09-12 00:48:56,255 - __main__ - INFO - Token value: 1234
2022-09-12 00:48:56,362 - __main__ - INFO - Weather in Berlin: 12.68
2022-09-19 00:51:28,986 - __main__ - INFO - Token value: 1234
2022-09-19 00:51:29,073 - __main__ - INFO - Weather in Berlin: 8.79
2022-09-26 00:54:36,285 - __main__ - INFO - Token value: 1234
2022-09-26 00:54:36,670 - __main__ - INFO - Weather in Berlin: 11.75
2022-10-03 00:53:53,511 - __main__ - INFO - Token value: 1234
2022-10-03 00:53:54,115 - __main__ - INFO - Weather in Berlin: 11.07
2022-10-10 00:59:22,592 - __main__ - INFO - Token value: 1234
2022-10-10 00:59:22,684 - __main__ - INFO - Weather in Berlin: 7.73
2022-10-17 01:03:34,041 - __main__ - INFO - Token value: 1234
2022-10-17 01:03:34,808 - __main__ - INFO - Weather in Berlin: 13.02
2022-10-24 01:05:23,964 - __main__ - INFO - Token value: 1234
2022-10-24 01:05:24,197 - __main__ - INFO - Weather in Berlin: 13.27
2022-10-31 00:56:50,347 - __main__ - INFO - Token value: 1234
2022-10-31 00:56:50,781 - __main__ - INFO - Weather in Berlin: 13.45
2022-11-07 00:46:30,914 - __main__ - INFO - Token value: 1234
2022-11-07 00:46:31,482 - __main__ - INFO - Weather in Berlin: 6.9
2022-11-14 00:42:53,014 - __main__ - INFO - Token value: 1234
2022-11-14 00:42:53,136 - __main__ - INFO - Weather in Berlin: 6.58
2022-11-21 00:44:54,383 - __main__ - INFO - Token value: 1234
2022-11-21 00:44:54,891 - __main__ - INFO - Weather in Berlin: -1.89
2022-11-28 00:38:10,868 - __main__ - INFO - Token value: 1234
2022-11-28 00:38:10,962 - __main__ - INFO - Weather in Berlin: 4.03
2022-12-05 00:37:36,747 - __main__ - INFO - Token value: 1234
2022-12-05 00:37:37,346 - __main__ - INFO - Weather in Berlin: 2.48
2022-12-12 00:40:48,194 - __main__ - INFO - Token value: 1234
2022-12-12 00:40:48,347 - __main__ - INFO - Weather in Berlin: -1.51
2022-12-19 00:34:22,668 - __main__ - INFO - Token value: 1234
2022-12-19 00:34:23,349 - __main__ - INFO - Weather in Berlin: -4.73
2022-12-26 00:37:57,455 - __main__ - INFO - Token value: 1234
2022-12-26 00:37:58,555 - __main__ - INFO - Weather in Berlin: 8.58
2023-01-02 00:37:45,571 - __main__ - INFO - Token value: 1234
2023-01-02 00:37:46,198 - __main__ - INFO - Weather in Berlin: 11.86
2023-01-09 00:37:48,669 - __main__ - INFO - Token value: 1234
2023-01-09 00:37:49,006 - __main__ - INFO - Weather in Berlin: 5.01
2023-01-16 00:38:39,973 - __main__ - INFO - Token value: 1234
2023-01-16 00:38:40,358 - __main__ - INFO - Weather in Berlin: 4.9
2023-01-23 00:37:11,897 - __main__ - INFO - Token value: 1234
2023-01-23 00:37:12,431 - __main__ - INFO - Weather in Berlin: 1.65
2023-01-30 00:35:30,776 - __main__ - INFO - Token value: 1234
2023-01-30 00:35:31,351 - __main__ - INFO - Weather in Berlin: 1.63
2023-02-06 00:37:40,919 - __main__ - INFO - Token value: 1234
2023-02-06 00:37:41,397 - __main__ - INFO - Weather in Berlin: -2.01
2023-02-13 00:41:55,645 - __main__ - INFO - Token value: 1234
2023-02-13 00:41:56,334 - __main__ - INFO - Weather in Berlin: 7.16
2023-02-20 00:42:40,136 - __main__ - INFO - Token value: 1234
2023-02-20 00:42:40,714 - __main__ - INFO - Weather in Berlin: 2.39
2023-02-27 00:41:12,914 - __main__ - INFO - Token value: 1234
2023-02-27 00:41:13,506 - __main__ - INFO - Weather in Berlin: -1.34
2023-03-06 00:41:41,381 - __main__ - INFO - Token value: 1234
2023-03-06 00:41:41,518 - __main__ - INFO - Weather in Berlin: 0.94
2023-03-13 00:39:58,538 - __main__ - INFO - Token value: 1234
2023-03-13 00:39:58,984 - __main__ - INFO - Weather in Berlin: 5.94
2023-03-20 00:40:52,346 - __main__ - INFO - Token value: 1234
2023-03-20 00:40:52,864 - __main__ - INFO - Weather in Berlin: 10.36
2023-03-27 00:37:03,135 - __main__ - INFO - Token value: 1234
2023-03-27 00:37:03,579 - __main__ - INFO - Weather in Berlin: 4.49
2023-04-03 00:37:03,535 - __main__ - INFO - Token value: 1234
2023-04-03 00:37:03,887 - __main__ - INFO - Weather in Berlin: 1.06
2023-04-10 00:36:03,126 - __main__ - INFO - Token value: 1234
2023-04-10 00:36:03,601 - __main__ - INFO - Weather in Berlin: 6.65
2023-04-17 00:38:11,628 - __main__ - INFO - Token value: 1234
2023-04-17 00:38:11,958 - __main__ - INFO - Weather in Berlin: 7.47
2023-04-24 00:37:25,968 - __main__ - INFO - Token value: 1234
2023-04-24 00:37:26,548 - __main__ - INFO - Weather in Berlin: 11.24
2023-05-01 00:38:28,593 - __main__ - INFO - Token value: 1234
2023-05-01 00:38:29,237 - __main__ - INFO - Weather in Berlin: 4.74
2023-05-08 00:35:59,553 - __main__ - INFO - Token value: 1234
2023-05-08 00:36:00,012 - __main__ - INFO - Weather in Berlin: 8.12
2023-05-15 00:37:43,779 - __main__ - INFO - Token value: 1234
2023-05-15 00:37:44,323 - __main__ - INFO - Weather in Berlin: 13.01
2023-05-22 00:38:44,183 - __main__ - INFO - Token value: 1234
2023-05-22 00:38:44,825 - __main__ - INFO - Weather in Berlin: 18.93
2023-05-29 00:38:32,685 - __main__ - INFO - Token value: 1234
2023-05-29 00:38:33,317 - __main__ - INFO - Weather in Berlin: 13.49
2023-06-05 00:42:16,214 - __main__ - INFO - Token value: 1234
2023-06-05 00:42:16,354 - __main__ - INFO - Weather in Berlin: 12.54
2023-06-12 00:44:40,761 - __main__ - INFO - Token value: 1234
2023-06-12 00:44:41,287 - __main__ - INFO - Weather in Berlin: 17.95
2023-06-19 00:41:31,896 - __main__ - INFO - Token value: 1234
2023-06-19 00:41:32,077 - __main__ - INFO - Weather in Berlin: 17.46
2023-06-26 00:48:35,778 - __main__ - INFO - Token value: 1234
2023-06-26 00:48:35,965 - __main__ - INFO - Weather in Berlin: 19.96
2023-07-03 00:47:50,515 - __main__ - INFO - Token value: 1234
2023-07-03 00:47:51,503 - __main__ - INFO - Weather in Berlin: 14.82
2023-07-10 00:47:49,548 - __main__ - INFO - Token value: 1234
2023-07-10 00:47:50,169 - __main__ - INFO - Weather in Berlin: 21.4
2023-07-17 00:50:57,487 - __main__ - INFO - Token value: 1234
2023-07-17 00:50:58,057 - __main__ - INFO - Weather in Berlin: 17.68
2023-07-24 00:41:28,744 - __main__ - INFO - Token value: 1234
2023-07-24 00:41:29,341 - __main__ - INFO - Weather in Berlin: 19.18
2023-07-31 00:41:40,366 - __main__ - INFO - Token value: 1234
2023-07-31 00:41:40,950 - __main__ - INFO - Weather in Berlin: 15.06
2023-08-07 00:39:33,017 - __main__ - INFO - Token value: 1234
2023-08-07 00:39:33,591 - __main__ - INFO - Weather in Berlin: 14.24
2023-08-14 00:32:09,980 - __main__ - INFO - Token value: 1234
2023-08-14 00:32:10,569 - __main__ - INFO - Weather in Berlin: 19.18
2023-08-21 00:31:40,538 - __main__ - INFO - Token value: 1234
2023-08-21 00:31:41,217 - __main__ - INFO - Weather in Berlin: 20.29
2023-08-28 00:32:45,300 - __main__ - INFO - Token value: 1234
2023-08-28 00:32:45,759 - __main__ - INFO - Weather in Berlin: 15.49
2023-09-04 00:32:51,578 - __main__ - INFO - Token value: 1234
2023-09-04 00:32:51,721 - __main__ - INFO - Weather in Berlin: 13.88
2023-09-11 00:33:02,029 - __main__ - INFO - Token value: 1234
2023-09-11 00:33:02,311 - __main__ - INFO - Weather in Berlin: 19.79
2023-09-18 00:33:08,034 - __main__ - INFO - Token value: 1234
2023-09-18 00:33:08,622 - __main__ - INFO - Weather in Berlin: 18.77
2023-09-25 00:33:31,589 - __main__ - INFO - Token value: 1234
2023-09-25 00:33:32,204 - __main__ - INFO - Weather in Berlin: 11.97
2023-10-02 00:33:45,247 - __main__ - INFO - Token value: 1234
2023-10-02 00:33:45,432 - __main__ - INFO - Weather in Berlin: 16.15
2023-10-09 00:33:46,073 - __main__ - INFO - Token value: 1234
2023-10-09 00:33:46,678 - __main__ - INFO - Weather in Berlin: 10.35
2023-10-16 00:34:12,581 - __main__ - INFO - Token value: 1234
2023-10-16 00:34:13,068 - __main__ - INFO - Weather in Berlin: 6.05
2023-10-23 00:33:38,346 - __main__ - INFO - Token value: 1234
2023-10-23 00:33:38,481 - __main__ - INFO - Weather in Berlin: 11.05
2023-10-30 00:34:04,551 - __main__ - INFO - Token value: 1234
2023-10-30 00:34:05,043 - __main__ - INFO - Weather in Berlin: 12.19
2023-11-06 00:34:49,810 - __main__ - INFO - Token value: 1234
2023-11-06 00:34:50,132 - __main__ - INFO - Weather in Berlin: 10.48
2023-11-13 00:35:20,583 - __main__ - INFO - Token value: 1234
2023-11-13 00:35:21,202 - __main__ - INFO - Weather in Berlin: 6.07
2023-11-20 00:36:06,535 - __main__ - INFO - Token value: 1234
2023-11-20 00:36:06,644 - __main__ - INFO - Weather in Berlin: 9.7
2023-11-27 00:35:44,273 - __main__ - INFO - Token value: 1234
2023-11-27 00:35:44,752 - __main__ - INFO - Weather in Berlin: -0.91
2023-12-04 00:36:12,963 - __main__ - INFO - Token value: 1234
2023-12-04 00:36:13,413 - __main__ - INFO - Weather in Berlin: -5.01
2023-12-11 00:36:36,877 - __main__ - INFO - Token value: 1234
2023-12-11 00:36:37,345 - __main__ - INFO - Weather in Berlin: 6.43
2023-12-18 00:36:39,535 - __main__ - INFO - Token value: 1234
2023-12-18 00:36:40,637 - __main__ - INFO - Weather in Berlin: 5.87
2023-12-25 00:35:57,463 - __main__ - INFO - Token value: 1234
2023-12-25 00:35:57,814 - __main__ - INFO - Weather in Berlin: 9.67
2024-01-01 00:39:23,702 - __main__ - INFO - Token value: 1234
2024-01-01 00:39:24,163 - __main__ - INFO - Weather in Berlin: 6.02
2024-01-08 00:36:53,575 - __main__ - INFO - Token value: 1234
2024-01-08 00:36:54,117 - __main__ - INFO - Weather in Berlin: -6.67
2024-01-15 00:37:53,460 - __main__ - INFO - Token value: 1234
2024-01-15 00:37:54,171 - __main__ - INFO - Weather in Berlin: 2.04
2024-01-22 00:38:04,182 - __main__ - INFO - Token value: 1234
2024-01-22 00:38:04,935 - __main__ - INFO - Weather in Berlin: 2.86
2024-01-29 00:34:00,850 - __main__ - INFO - Token value: 1234
2024-01-29 00:34:01,071 - __main__ - INFO - Weather in Berlin: 1.69
2024-02-05 00:35:06,109 - __main__ - INFO - Token value: 1234
2024-02-12 00:34:33,688 - __main__ - INFO - Token value: 1234
2024-02-19 00:34:58,887 - __main__ - INFO - Token value: 1234
2024-02-26 00:35:09,233 - __main__ - INFO - Token value: 1234
2024-03-04 00:34:25,560 - __main__ - INFO - Token value: 1234
2024-03-11 00:35:08,395 - __main__ - INFO - Token value: 1234
2024-03-18 00:35:06,524 - __main__ - INFO - Token value: 1234
2024-03-25 00:35:30,409 - __main__ - INFO - Token value: 1234
2024-04-01 00:38:07,362 - __main__ - INFO - Token value: 1234
2024-04-08 00:35:54,186 - __main__ - INFO - Token value: 1234
2024-04-15 03:04:08,840 - __main__ - INFO - Token value: 1234
2024-04-22 00:36:28,016 - __main__ - INFO - Token value: 1234
2024-04-29 00:36:00,211 - __main__ - INFO - Token value: 1234
2024-05-06 00:36:33,374 - __main__ - INFO - Token value: 1234
2024-05-13 00:37:20,778 - __main__ - INFO - Token value: 1234
2024-05-20 00:37:12,884 - __main__ - INFO - Token value: 1234
2024-05-27 00:37:48,048 - __main__ - INFO - Token value: 1234
2024-06-03 00:38:07,159 - __main__ - INFO - Token value: 1234
2024-06-10 00:39:11,953 - __main__ - INFO - Token value: 1234
2024-06-17 00:39:35,708 - __main__ - INFO - Token value: 1234
2024-06-24 00:39:42,774 - __main__ - INFO - Token value: 1234
2024-07-01 00:43:42,399 - __main__ - INFO - Token value: 1234
2024-07-08 00:40:10,931 - __main__ - INFO - Token value: 1234
2024-07-15 00:40:40,166 - __main__ - INFO - Token value: 1234
2024-07-22 00:41:01,877 - __main__ - INFO - Token value: 1234
2024-07-29 00:41:08,640 - __main__ - INFO - Token value: 1234
2024-08-05 00:41:30,205 - __main__ - INFO - Token value: 1234
2024-08-12 00:41:53,777 - __main__ - INFO - Token value: 1234
2024-08-19 00:41:08,919 - __main__ - INFO - Token value: 1234
2024-08-26 00:41:09,438 - __main__ - INFO - Token value: 1234
2024-09-02 00:43:32,364 - __main__ - INFO - Token value: 1234
2024-09-09 00:44:33,435 - __main__ - INFO - Token value: 1234
2024-09-16 00:46:12,591 - __main__ - INFO - Token value: 1234
2024-09-23 00:45:45,251 - __main__ - INFO - Token value: 1234
2024-09-30 00:47:22,120 - __main__ - INFO - Token value: 1234
2024-10-07 00:47:15,042 - __main__ - INFO - Token value: 1234
2024-10-14 00:47:27,568 - __main__ - INFO - Token value: 1234
2024-10-21 00:47:53,211 - __main__ - INFO - Token value: 1234
2024-10-21 16:22:54,324 - __main__ - INFO - Token value: Token not available!
2024-10-21 16:43:44,821 - __main__ - INFO - Token value: Token not available!
2024-10-21 16:51:35,731 - __main__ - INFO - Token value: Token not available!
2024-10-21 16:54:47,319 - __main__ - INFO - Token value: Token not available!
2024-10-22 16:49:10,114 - __main__ - INFO - Token value: Token not available!
2024-10-22 16:49:44,881 - __main__ - INFO - Token value: Token not available!
2024-10-23 16:50:12,895 - __main__ - INFO - Token value: Token not available!
2024-10-24 16:49:02,869 - __main__ - INFO - Token value: Token not available!
2024-10-25 16:48:12,332 - __main__ - INFO - Token value: Token not available!
2024-10-26 16:45:44,772 - __main__ - INFO - Token value: Token not available!
2024-10-26 16:46:02,419 - __main__ - INFO - Token value: Token not available!
2024-10-27 16:46:36,454 - __main__ - INFO - Token value: Token not available!
2024-10-28 16:51:41,644 - __main__ - INFO - Token value: Token not available!
2024-10-29 16:49:48,153 - __main__ - INFO - Token value: Token not available!
2024-10-30 16:51:14,096 - __main__ - INFO - Token value: Token not available!
2024-10-31 16:49:06,791 - __main__ - INFO - Token value: Token not available!
2024-11-01 16:47:27,410 - __main__ - INFO - Token value: Token not available!
2024-11-01 16:47:52,823 - __main__ - INFO - Token value: Token not available!
2024-11-02 16:48:11,387 - __main__ - INFO - Token value: Token not available!
2024-11-03 16:45:25,396 - __main__ - INFO - Token value: Token not available!
2024-11-04 16:47:51,591 - __main__ - INFO - Token value: Token not available!
2024-11-05 16:46:27,114 - __main__ - INFO - Token value: Token not available!
2024-11-06 16:48:09,649 - __main__ - INFO - Token value: Token not available!
2024-11-07 16:48:09,554 - __main__ - INFO - Token value: Token not available!
2024-11-08 16:47:48,354 - __main__ - INFO - Token value: Token not available!
2024-11-09 16:45:28,762 - __main__ - INFO - Token value: Token not available!
2024-11-09 16:45:39,731 - __main__ - INFO - Token value: Token not available!
2024-11-10 16:44:31,909 - __main__ - INFO - Token value: Token not available!
2024-11-11 16:47:25,840 - __main__ - INFO - Token value: Token not available!
2024-11-11 16:48:03,030 - __main__ - INFO - Token value: Token not available!
2024-11-12 16:50:00,082 - __main__ - INFO - Token value: Token not available!
2024-11-13 16:48:47,349 - __main__ - INFO - Token value: Token not available!
2024-11-14 16:49:37,436 - __main__ - INFO - Token value: Token not available!
2024-11-14 16:50:00,133 - __main__ - INFO - Token value: Token not available!
2024-11-15 16:49:50,951 - __main__ - INFO - Token value: Token not available!
2024-11-16 16:48:45,205 - __main__ - INFO - Token value: Token not available!
2024-11-17 16:46:42,455 - __main__ - INFO - Token value: Token not available!
2024-11-18 16:51:22,885 - __main__ - INFO - Token value: Token not available!
2024-11-19 16:50:37,351 - __main__ - INFO - Token value: Token not available!
2024-11-20 16:51:16,590 - __main__ - INFO - Token value: Token not available!
2024-11-21 16:50:54,983 - __main__ - INFO - Token value: Token not available!
2024-11-22 16:50:38,708 - __main__ - INFO - Token value: Token not available!
2024-11-23 16:47:53,045 - __main__ - INFO - Token value: Token not available!
2024-11-24 16:47:14,719 - __main__ - INFO - Token value: Token not available!
2024-11-25 16:50:48,382 - __main__ - INFO - Token value: Token not available!
2024-11-25 16:51:04,772 - __main__ - INFO - Token value: Token not available!
2024-11-26 16:51:52,531 - __main__ - INFO - Token value: Token not available!
2024-11-26 16:52:17,174 - __main__ - INFO - Token value: Token not available!
2024-11-27 16:51:39,914 - __main__ - INFO - Token value: Token not available!
2024-11-28 16:51:06,211 - __main__ - INFO - Token value: Token not available!
2024-11-28 16:51:43,762 - __main__ - INFO - Token value: Token not available!
2024-11-29 16:50:10,311 - __main__ - INFO - Token value: Token not available!
2024-11-29 16:50:27,866 - __main__ - INFO - Token value: Token not available!
2024-11-30 16:48:25,391 - __main__ - INFO - Token value: Token not available!
2024-12-01 16:47:47,864 - __main__ - INFO - Token value: Token not available!
2024-12-02 16:51:29,406 - __main__ - INFO - Token value: Token not available!
2024-12-02 16:52:02,829 - __main__ - INFO - Token value: Token not available!
2024-12-03 16:52:52,660 - __main__ - INFO - Token value: Token not available!
2024-12-03 16:54:37,821 - __main__ - INFO - Token value: Token not available!
2024-12-04 16:52:48,056 - __main__ - INFO - Token value: Token not available!
2024-12-05 16:51:55,502 - __main__ - INFO - Token value: Token not available!
2024-12-06 16:50:43,962 - __main__ - INFO - Token value: Token not available!
2024-12-06 16:51:28,715 - __main__ - INFO - Token value: Token not available!
2024-12-07 16:48:07,110 - __main__ - INFO - Token value: Token not available!
2024-12-07 16:48:36,001 - __main__ - INFO - Token value: Token not available!
2024-12-08 16:47:32,083 - __main__ - INFO - Token value: Token not available!
2024-12-09 16:52:00,307 - __main__ - INFO - Token value: Token not available!
2024-12-09 16:52:31,845 - __main__ - INFO - Token value: Token not available!
2024-12-10 16:52:17,170 - __main__ - INFO - Token value: Token not available!
2024-12-11 16:52:03,051 - __main__ - INFO - Token value: Token not available!
2024-12-11 16:52:43,308 - __main__ - INFO - Token value: Token not available!
2024-12-12 16:52:29,297 - __main__ - INFO - Token value: Token not available!
2024-12-13 16:50:21,730 - __main__ - INFO - Token value: Token not available!
2024-12-13 16:50:44,367 - __main__ - INFO - Token value: Token not available!
2024-12-14 16:47:29,237 - __main__ - INFO - Token value: Token not available!
2024-12-15 16:47:26,531 - __main__ - INFO - Token value: Token not available!
2024-12-16 16:51:33,574 - __main__ - INFO - Token value: Token not available!
2024-12-17 16:51:53,939 - __main__ - INFO - Token value: Token not available!
2024-12-18 16:50:03,713 - __main__ - INFO - Token value: Token not available!
2024-12-19 16:47:42,007 - __main__ - INFO - Token value: Token not available!
2024-12-19 16:48:10,464 - __main__ - INFO - Token value: Token not available!
2024-12-20 16:46:31,221 - __main__ - INFO - Token value: Token not available!
2024-12-21 16:44:49,899 - __main__ - INFO - Token value: Token not available!
2024-12-22 16:44:00,053 - __main__ - INFO - Token value: Token not available!
2024-12-22 16:44:18,922 - __main__ - INFO - Token value: Token not available!
2024-12-23 16:46:11,585 - __main__ - INFO - Token value: Token not available!
2024-12-23 16:46:32,410 - __main__ - INFO - Token value: Token not available!
2024-12-24 16:45:53,723 - __main__ - INFO - Token value: Token not available!
2024-12-25 16:45:50,625 - __main__ - INFO - Token value: Token not available!
2024-12-26 16:46:17,719 - __main__ - INFO - Token value: Token not available!
2024-12-27 16:45:31,805 - __main__ - INFO - Token value: Token not available!
2024-12-28 16:44:26,791 - __main__ - INFO - Token value: Token not available!
2024-12-29 16:44:02,846 - __main__ - INFO - Token value: Token not available!
2024-12-29 16:44:30,366 - __main__ - INFO - Token value: Token not available!
2024-12-30 16:46:44,537 - __main__ - INFO - Token value: Token not available!
2024-12-31 16:46:23,539 - __main__ - INFO - Token value: Token not available!
2024-12-31 16:47:00,624 - __main__ - INFO - Token value: Token not available!
2025-01-01 16:46:48,230 - __main__ - INFO - Token value: Token not available!
2025-01-02 16:47:09,432 - __main__ - INFO - Token value: Token not available!
2025-01-03 16:47:07,872 - __main__ - INFO - Token value: Token not available!
2025-01-04 16:44:55,333 - __main__ - INFO - Token value: Token not available!
2025-01-04 16:45:11,465 - __main__ - INFO - Token value: Token not available!
2025-01-05 16:45:15,275 - __main__ - INFO - Token value: Token not available!
2025-01-06 16:48:27,724 - __main__ - INFO - Token value: Token not available!
2025-01-06 16:49:02,715 - __main__ - INFO - Token value: Token not available!
2025-01-07 16:55:58,345 - __main__ - INFO - Token value: Token not available!
2025-01-07 16:56:14,794 - __main__ - INFO - Token value: Token not available!
2025-01-08 16:48:25,465 - __main__ - INFO - Token value: Token not available!
2025-01-09 16:47:55,162 - __main__ - INFO - Token value: Token not available!
2025-01-09 16:48:26,226 - __main__ - INFO - Token value: Token not available!
2025-01-10 16:47:20,420 - __main__ - INFO - Token value: Token not available!
2025-01-11 16:44:42,065 - __main__ - INFO - Token value: Token not available!
2025-01-12 16:44:24,161 - __main__ - INFO - Token value: Token not available!
2025-01-13 16:49:26,020 - __main__ - INFO - Token value: Token not available!
2025-01-14 16:46:30,806 - __main__ - INFO - Token value: Token not available!
2025-01-14 16:46:46,683 - __main__ - INFO - Token value: Token not available!
2025-01-15 16:45:39,691 - __main__ - INFO - Token value: Token not available!
2025-01-15 16:46:08,692 - __main__ - INFO - Token value: Token not available!
2025-01-16 16:46:05,762 - __main__ - INFO - Token value: Token not available!
2025-01-16 16:46:25,159 - __main__ - INFO - Token value: Token not available!
2025-01-17 16:45:41,604 - __main__ - INFO - Token value: Token not available!
2025-01-18 16:43:55,230 - __main__ - INFO - Token value: Token not available!
2025-01-18 16:44:19,891 - __main__ - INFO - Token value: Token not available!
2025-01-19 16:44:05,251 - __main__ - INFO - Token value: Token not available!
2025-01-19 16:44:40,971 - __main__ - INFO - Token value: Token not available!
2025-01-20 16:45:45,172 - __main__ - INFO - Token value: Token not available!
2025-01-21 16:47:29,837 - __main__ - INFO - Token value: Token not available!
2025-01-22 16:47:05,490 - __main__ - INFO - Token value: Token not available!
2025-01-23 16:47:39,741 - __main__ - INFO - Token value: Token not available!
2025-01-24 16:46:08,096 - __main__ - INFO - Token value: Token not available!
2025-01-25 16:45:33,186 - __main__ - INFO - Token value: Token not available!
2025-01-26 16:44:02,333 - __main__ - INFO - Token value: Token not available!
2025-01-27 16:46:32,738 - __main__ - INFO - Token value: Token not available!
2025-01-28 16:46:51,196 - __main__ - INFO - Token value: Token not available!
2025-01-29 16:46:16,483 - __main__ - INFO - Token value: Token not available!
2025-01-30 16:47:19,953 - __main__ - INFO - Token value: Token not available!
2025-01-31 16:46:20,289 - __main__ - INFO - Token value: Token not available!
2025-01-31 16:46:53,736 - __main__ - INFO - Token value: Token not available!
2025-02-01 16:43:56,694 - __main__ - INFO - Token value: Token not available!
2025-02-02 16:43:52,962 - __main__ - INFO - Token value: Token not available!
2025-02-02 16:44:21,319 - __main__ - INFO - Token value: Token not available!
2025-02-03 16:46:58,077 - __main__ - INFO - Token value: Token not available!
2025-02-04 16:47:15,747 - __main__ - INFO - Token value: Token not available!
2025-02-05 16:48:33,826 - __main__ - INFO - Token value: Token not available!
2025-02-06 16:47:07,016 - __main__ - INFO - Token value: Token not available!
2025-02-07 16:47:49,808 - __main__ - INFO - Token value: Token not available!
2025-02-08 16:43:47,840 - __main__ - INFO - Token value: Token not available!
2025-02-08 16:44:05,915 - __main__ - INFO - Token value: Token not available!
2025-02-09 16:43:55,348 - __main__ - INFO - Token value: Token not available!
2025-02-09 16:44:06,796 - __main__ - INFO - Token value: Token not available!
2025-02-10 16:46:11,742 - __main__ - INFO - Token value: Token not available!
2025-02-11 16:49:03,100 - __main__ - INFO - Token value: Token not available!
2025-02-12 16:47:43,124 - __main__ - INFO - Token value: Token not available!
2025-02-13 16:48:18,717 - __main__ - INFO - Token value: Token not available!
2025-02-14 16:46:20,706 - __main__ - INFO - Token value: Token not available!
2025-02-14 16:46:56,805 - __main__ - INFO - Token value: Token not available!
2025-02-15 16:44:52,524 - __main__ - INFO - Token value: Token not available!
2025-02-16 16:44:14,226 - __main__ - INFO - Token value: Token not available!
2025-02-16 16:44:48,613 - __main__ - INFO - Token value: Token not available!
2025-02-17 16:46:18,497 - __main__ - INFO - Token value: Token not available!
2025-02-18 16:48:55,186 - __main__ - INFO - Token value: Token not available!
2025-02-19 16:48:27,199 - __main__ - INFO - Token value: Token not available!
2025-02-20 16:49:27,524 - __main__ - INFO - Token value: Token not available!
2025-02-21 16:45:25,954 - __main__ - INFO - Token value: Token not available!
2025-02-22 16:43:52,951 - __main__ - INFO - Token value: Token not available!
2025-02-23 16:43:53,897 - __main__ - INFO - Token value: Token not available!
2025-02-24 16:49:53,159 - __main__ - INFO - Token value: Token not available!
2025-02-25 16:49:18,414 - __main__ - INFO - Token value: Token not available!
2025-02-25 16:49:42,497 - __main__ - INFO - Token value: Token not available!
2025-02-26 16:49:25,458 - __main__ - INFO - Token value: Token not available!
2025-02-26 16:49:40,309 - __main__ - INFO - Token value: Token not available!
2025-02-27 16:49:17,802 - __main__ - INFO - Token value: Token not available!
2025-02-27 16:49:40,051 - __main__ - INFO - Token value: Token not available!
2025-02-28 16:47:24,796 - __main__ - INFO - Token value: Token not available!
2025-03-01 16:45:01,641 - __main__ - INFO - Token value: Token not available!
2025-03-02 16:45:07,645 - __main__ - INFO - Token value: Token not available!
2025-03-03 16:50:37,463 - __main__ - INFO - Token value: Token not available!
2025-03-03 16:51:21,769 - __main__ - INFO - Token value: Token not available!
2025-03-04 16:50:15,008 - __main__ - INFO - Token value: Token not available!
2025-03-05 16:53:45,051 - __main__ - INFO - Token value: Token not available!
2025-03-06 16:49:53,211 - __main__ - INFO - Token value: Token not available!
2025-03-07 16:48:49,560 - __main__ - INFO - Token value: Token not available!
2025-03-08 16:43:42,808 - __main__ - INFO - Token value: Token not available!
2025-03-08 16:44:12,713 - __main__ - INFO - Token value: Token not available!
2025-03-09 16:43:53,066 - __main__ - INFO - Token value: Token not available!
2025-03-09 16:44:20,627 - __main__ - INFO - Token value: Token not available!
2025-03-10 16:50:35,169 - __main__ - INFO - Token value: Token not available!
2025-03-10 16:51:21,450 - __main__ - INFO - Token value: Token not available!
2025-03-11 16:50:28,641 - __main__ - INFO - Token value: Token not available!
2025-03-12 16:50:31,397 - __main__ - INFO - Token value: Token not available!
2025-03-12 16:51:04,998 - __main__ - INFO - Token value: Token not available!
2025-03-13 16:51:49,629 - __main__ - INFO - Token value: Token not available!
2025-03-14 16:48:13,414 - __main__ - INFO - Token value: Token not available!
2025-03-15 16:45:42,446 - __main__ - INFO - Token value: Token not available!
2025-03-16 16:47:12,613 - __main__ - INFO - Token value: Token not available!
2025-03-17 16:50:22,797 - __main__ - INFO - Token value: Token not available!
2025-03-17 16:50:51,756 - __main__ - INFO - Token value: Token not available!
2025-03-18 16:50:07,151 - __main__ - INFO - Token value: Token not available!
2025-03-18 16:50:51,476 - __main__ - INFO - Token value: Token not available!
2025-03-19 16:50:07,137 - __main__ - INFO - Token value: Token not available!
2025-03-20 16:50:33,934 - __main__ - INFO - Token value: Token not available!
2025-03-21 16:50:38,642 - __main__ - INFO - Token value: Token not available!
2025-03-22 16:45:25,351 - __main__ - INFO - Token value: Token not available!
2025-03-22 16:45:39,364 - __main__ - INFO - Token value: Token not available!
2025-03-23 16:45:57,511 - __main__ - INFO - Token value: Token not available!
2025-03-24 16:50:43,607 - __main__ - INFO - Token value: Token not available!
2025-03-25 16:49:45,521 - __main__ - INFO - Token value: Token not available!
2025-03-26 16:51:12,422 - __main__ - INFO - Token value: Token not available!
2025-03-27 16:51:09,889 - __main__ - INFO - Token value: Token not available!
2025-03-28 16:49:43,809 - __main__ - INFO - Token value: Token not available!
2025-03-29 16:47:38,653 - __main__ - INFO - Token value: Token not available!
2025-03-29 16:48:16,708 - __main__ - INFO - Token value: Token not available!
2025-03-30 16:47:34,860 - __main__ - INFO - Token value: Token not available!
2025-03-31 16:52:14,952 - __main__ - INFO - Token value: Token not available!
2025-04-01 16:51:12,591 - __main__ - INFO - Token value: Token not available!
2025-04-02 16:51:56,860 - __main__ - INFO - Token value: Token not available!
2025-04-03 16:50:42,134 - __main__ - INFO - Token value: Token not available!
2025-04-03 16:51:10,282 - __main__ - INFO - Token value: Token not available!
2025-04-04 16:49:56,107 - __main__ - INFO - Token value: Token not available!
2025-04-04 16:50:11,432 - __main__ - INFO - Token value: Token not available!
2025-04-05 16:47:10,548 - __main__ - INFO - Token value: Token not available!
2025-04-06 16:46:46,027 - __main__ - INFO - Token value: Token not available!
2025-04-06 16:46:59,271 - __main__ - INFO - Token value: Token not available!
2025-04-07 16:50:12,496 - __main__ - INFO - Token value: Token not available!
2025-04-08 16:51:26,452 - __main__ - INFO - Token value: Token not available!
2025-04-08 16:51:36,402 - __main__ - INFO - Token value: Token not available!
2025-04-09 16:52:39,995 - __main__ - INFO - Token value: Token not available!
2025-04-09 16:53:19,201 - __main__ - INFO - Token value: Token not available!
2025-04-10 16:51:37,945 - __main__ - INFO - Token value: Token not available!
2025-04-11 16:50:03,280 - __main__ - INFO - Token value: Token not available!
2025-04-11 16:50:41,702 - __main__ - INFO - Token value: Token not available!
2025-04-12 16:46:17,413 - __main__ - INFO - Token value: Token not available!
2025-04-13 16:48:26,937 - __main__ - INFO - Token value: Token not available!
2025-04-14 16:52:00,462 - __main__ - INFO - Token value: Token not available!
2025-04-15 16:50:03,132 - __main__ - INFO - Token value: Token not available!
2025-04-16 16:52:36,239 - __main__ - INFO - Token value: Token not available!
2025-04-17 16:51:24,019 - __main__ - INFO - Token value: Token not available!
2025-04-17 16:52:05,059 - __main__ - INFO - Token value: Token not available!
2025-04-18 16:49:24,641 - __main__ - INFO - Token value: Token not available!
2025-04-19 16:47:46,285 - __main__ - INFO - Token value: Token not available!
2025-04-20 16:47:48,018 - __main__ - INFO - Token value: Token not available!
2025-04-21 16:50:52,907 - __main__ - INFO - Token value: Token not available!
2025-04-22 16:50:36,477 - __main__ - INFO - Token value: Token not available!
2025-04-23 16:52:58,813 - __main__ - INFO - Token value: Token not available!
2025-04-24 16:52:01,023 - __main__ - INFO - Token value: Token not available!
2025-04-25 16:52:09,395 - __main__ - INFO - Token value: Token not available!
2025-04-26 16:46:49,940 - __main__ - INFO - Token value: Token not available!
2025-04-26 16:47:27,440 - __main__ - INFO - Token value: Token not available!
2025-04-27 16:48:55,704 - __main__ - INFO - Token value: Token not available!
2025-04-28 16:49:56,742 - __main__ - INFO - Token value: Token not available!
2025-04-29 16:50:46,620 - __main__ - INFO - Token value: Token not available!
2025-04-29 16:51:14,693 - __main__ - INFO - Token value: Token not available!
2025-04-30 16:51:43,483 - __main__ - INFO - Token value: Token not available!
2025-05-01 16:50:54,272 - __main__ - INFO - Token value: Token not available!
2025-05-02 16:50:42,687 - __main__ - INFO - Token value: Token not available!
2025-05-03 16:48:14,066 - __main__ - INFO - Token value: Token not available!
2025-05-04 16:48:20,090 - __main__ - INFO - Token value: Token not available!
2025-05-05 16:51:22,930 - __main__ - INFO - Token value: Token not available!
2025-05-05 16:51:38,760 - __main__ - INFO - Token value: Token not available!
2025-05-06 16:50:54,537 - __main__ - INFO - Token value: Token not available!
2025-05-06 16:51:12,312 - __main__ - INFO - Token value: Token not available!
2025-05-07 16:53:22,704 - __main__ - INFO - Token value: Token not available!
2025-05-08 16:52:30,462 - __main__ - INFO - Token value: Token not available!
2025-05-09 16:50:01,904 - __main__ - INFO - Token value: Token not available!
2025-05-10 16:50:15,385 - __main__ - INFO - Token value: Token not available!
2025-05-11 16:48:16,406 - __main__ - INFO - Token value: Token not available!
2025-05-11 16:48:31,206 - __main__ - INFO - Token value: Token not available!
2025-05-12 16:52:52,398 - __main__ - INFO - Token value: Token not available!
2025-05-13 16:52:23,262 - __main__ - INFO - Token value: Token not available!
2025-05-14 16:52:09,633 - __main__ - INFO - Token value: Token not available!
2025-05-15 16:52:19,030 - __main__ - INFO - Token value: Token not available!
2025-05-15 16:52:33,941 - __main__ - INFO - Token value: Token not available!
2025-05-16 16:52:08,248 - __main__ - INFO - Token value: Token not available!
2025-05-17 16:50:48,169 - __main__ - INFO - Token value: Token not available!
2025-05-18 16:48:01,670 - __main__ - INFO - Token value: Token not available!
2025-05-18 16:48:18,912 - __main__ - INFO - Token value: Token not available!
2025-05-19 16:52:05,329 - __main__ - INFO - Token value: Token not available!
2025-05-20 16:52:16,469 - __main__ - INFO - Token value: Token not available!
2025-05-21 16:52:48,537 - __main__ - INFO - Token value: Token not available!
2025-05-22 16:52:10,180 - __main__ - INFO - Token value: Token not available!
2025-05-22 16:52:21,685 - __main__ - INFO - Token value: Token not available!
2025-05-23 16:50:48,061 - __main__ - INFO - Token value: Token not available!
2025-05-24 16:48:34,087 - __main__ - INFO - Token value: Token not available!
2025-05-25 16:49:57,160 - __main__ - INFO - Token value: Token not available!
2025-05-26 16:51:45,569 - __main__ - INFO - Token value: Token not available!
2025-05-27 16:52:34,165 - __main__ - INFO - Token value: Token not available!
2025-05-28 16:52:34,410 - __main__ - INFO - Token value: Token not available!
2025-05-29 16:53:20,176 - __main__ - INFO - Token value: Token not available!
2025-05-30 16:51:43,907 - __main__ - INFO - Token value: Token not available!
2025-05-31 16:50:47,681 - __main__ - INFO - Token value: Token not available!
2025-06-01 16:50:59,658 - __main__ - INFO - Token value: Token not available!
2025-06-02 16:54:25,652 - __main__ - INFO - Token value: Token not available!
2025-06-02 16:54:57,706 - __main__ - INFO - Token value: Token not available!
2025-06-03 16:54:50,063 - __main__ - INFO - Token value: Token not available!
2025-06-04 16:51:33,514 - __main__ - INFO - Token value: Token not available!
2025-06-05 16:50:53,414 - __main__ - INFO - Token value: Token not available!
2025-06-05 16:51:18,565 - __main__ - INFO - Token value: Token not available!
2025-06-06 16:52:43,016 - __main__ - INFO - Token value: Token not available!
2025-06-07 16:52:06,644 - __main__ - INFO - Token value: Token not available!
2025-06-08 16:49:47,390 - __main__ - INFO - Token value: Token not available!
2025-06-09 16:54:07,519 - __main__ - INFO - Token value: Token not available!
2025-06-10 16:53:23,652 - __main__ - INFO - Token value: Token not available!
2025-06-11 16:53:49,996 - __main__ - INFO - Token value: Token not available!
2025-06-12 16:53:36,418 - __main__ - INFO - Token value: Token not available!
2025-06-13 16:52:23,921 - __main__ - INFO - Token value: Token not available!
2025-06-14 16:49:20,764 - __main__ - INFO - Token value: Token not available!
2025-06-15 16:51:27,542 - __main__ - INFO - Token value: Token not available!
2025-06-15 16:51:50,704 - __main__ - INFO - Token value: Token not available!
2025-06-16 16:54:04,492 - __main__ - INFO - Token value: Token not available!
2025-06-17 16:55:05,476 - __main__ - INFO - Token value: Token not available!
2025-06-18 16:55:50,340 - __main__ - INFO - Token value: Token not available!
2025-06-19 16:52:41,606 - __main__ - INFO - Token value: Token not available!
2025-06-20 16:52:45,137 - __main__ - INFO - Token value: Token not available!
2025-06-20 16:53:13,042 - __main__ - INFO - Token value: Token not available!
2025-06-21 16:51:57,069 - __main__ - INFO - Token value: Token not available!
2025-06-21 16:52:31,384 - __main__ - INFO - Token value: Token not available!
2025-06-22 16:52:13,495 - __main__ - INFO - Token value: Token not available!
2025-06-23 16:54:30,170 - __main__ - INFO - Token value: Token not available!
2025-06-24 16:53:55,768 - __main__ - INFO - Token value: Token not available!
2025-06-24 16:54:30,173 - __main__ - INFO - Token value: Token not available!
2025-06-25 16:54:48,302 - __main__ - INFO - Token value: Token not available!
2025-06-26 16:53:13,839 - __main__ - INFO - Token value: Token not available!
2025-06-26 16:53:30,107 - __main__ - INFO - Token value: Token not available!
2025-06-27 16:51:29,558 - __main__ - INFO - Token value: Token not available!
2025-06-28 16:51:08,313 - __main__ - INFO - Token value: Token not available!
2025-06-29 16:52:35,362 - __main__ - INFO - Token value: Token not available!
2025-06-30 16:53:38,118 - __main__ - INFO - Token value: Token not available!
2025-07-01 16:54:28,682 - __main__ - INFO - Token value: Token not available!
2025-07-01 16:55:00,050 - __main__ - INFO - Token value: Token not available!
2025-07-02 16:54:22,158 - __main__ - INFO - Token value: Token not available!
2025-07-02 16:54:35,765 - __main__ - INFO - Token value: Token not available!
2025-07-03 16:53:59,681 - __main__ - INFO - Token value: Token not available!
2025-07-04 16:52:35,019 - __main__ - INFO - Token value: Token not available!
2025-07-05 16:50:47,837 - __main__ - INFO - Token value: Token not available!
2025-07-06 16:52:07,465 - __main__ - INFO - Token value: Token not available!
2025-07-07 16:53:44,958 - __main__ - INFO - Token value: Token not available!
2025-07-07 16:54:09,067 - __main__ - INFO - Token value: Token not available!
2025-07-08 16:54:08,494 - __main__ - INFO - Token value: Token not available!
2025-07-09 16:55:20,869 - __main__ - INFO - Token value: Token not available!
2025-07-10 16:56:02,046 - __main__ - INFO - Token value: Token not available!
2025-07-11 16:53:53,986 - __main__ - INFO - Token value: Token not available!
2025-07-12 16:51:09,056 - __main__ - INFO - Token value: Token not available!
2025-07-13 16:51:28,569 - __main__ - INFO - Token value: Token not available!
2025-07-14 16:55:02,960 - __main__ - INFO - Token value: Token not available!
2025-07-15 16:55:16,455 - __main__ - INFO - Token value: Token not available!
2025-07-16 16:56:16,780 - __main__ - INFO - Token value: Token not available!
2025-07-17 16:54:28,396 - __main__ - INFO - Token value: Token not available!
2025-07-18 16:56:49,962 - __main__ - INFO - Token value: Token not available!
2025-07-19 16:52:59,727 - __main__ - INFO - Token value: Token not available!
2025-07-20 16:52:05,999 - __main__ - INFO - Token value: Token not available!
2025-07-20 16:52:16,196 - __main__ - INFO - Token value: Token not available!
2025-07-21 16:56:34,640 - __main__ - INFO - Token value: Token not available!
2025-07-22 16:56:16,932 - __main__ - INFO - Token value: Token not available!
2025-07-23 16:57:24,977 - __main__ - INFO - Token value: Token not available!
2025-07-24 16:54:59,032 - __main__ - INFO - Token value: Token not available!
2025-07-24 16:55:25,052 - __main__ - INFO - Token value: Token not available!
2025-07-25 16:55:11,031 - __main__ - INFO - Token value: Token not available!
2025-07-26 16:52:58,237 - __main__ - INFO - Token value: Token not available!
2025-07-27 16:52:51,163 - __main__ - INFO - Token value: Token not available!
2025-07-28 16:57:54,317 - __main__ - INFO - Token value: Token not available!
2025-07-28 16:58:27,823 - __main__ - INFO - Token value: Token not available!
2025-07-29 16:57:30,627 - __main__ - INFO - Token value: Token not available!
2025-07-29 16:58:04,121 - __main__ - INFO - Token value: Token not available!
2025-07-30 16:56:27,889 - __main__ - INFO - Token value: Token not available!
2025-07-31 16:57:05,584 - __main__ - INFO - Token value: Token not available!
2025-07-31 16:57:24,309 - __main__ - INFO - Token value: Token not available!
2025-08-01 16:56:36,137 - __main__ - INFO - Token value: Token not available!
2025-08-02 16:53:48,442 - __main__ - INFO - Token value: Token not available!
2025-08-03 16:53:39,442 - __main__ - INFO - Token value: Token not available!
2025-08-03 16:53:54,493 - __main__ - INFO - Token value: Token not available!
2025-08-04 16:59:21,667 - __main__ - INFO - Token value: Token not available!
2025-08-05 16:53:17,228 - __main__ - INFO - Token value: Token not available!
2025-08-06 16:57:43,947 - __main__ - INFO - Token value: Token not available!
2025-08-07 16:56:04,742 - __main__ - INFO - Token value: Token not available!
2025-08-08 16:51:30,654 - __main__ - INFO - Token value: Token not available!
2025-08-09 16:51:53,470 - __main__ - INFO - Token value: Token not available!
2025-08-10 16:52:09,013 - __main__ - INFO - Token value: Token not available!
2025-08-11 16:56:00,930 - __main__ - INFO - Token value: Token not available!
2025-08-12 16:54:16,725 - __main__ - INFO - Token value: Token not available!
2025-08-12 16:54:51,435 - __main__ - INFO - Token value: Token not available!
2025-08-13 16:49:54,994 - __main__ - INFO - Token value: Token not available!
2025-08-14 16:52:10,611 - __main__ - INFO - Token value: Token not available!
2025-08-15 16:52:36,322 - __main__ - INFO - Token value: Token not available!
2025-08-15 16:52:58,473 - __main__ - INFO - Token value: Token not available!
2025-08-16 16:49:46,600 - __main__ - INFO - Token value: Token not available!
2025-08-17 16:50:38,630 - __main__ - INFO - Token value: Token not available!
2025-08-17 16:50:51,543 - __main__ - INFO - Token value: Token not available!
2025-08-18 16:55:09,974 - __main__ - INFO - Token value: Token not available!
2025-08-19 16:51:23,796 - __main__ - INFO - Token value: Token not available!
2025-08-20 16:50:59,956 - __main__ - INFO - Token value: Token not available!
2025-08-20 16:51:13,401 - __main__ - INFO - Token value: Token not available!
2025-08-21 16:51:25,259 - __main__ - INFO - Token value: Token not available!
2025-08-21 16:57:00,040 - __main__ - INFO - Token value: Token not available!
2025-08-22 16:50:31,948 - __main__ - INFO - Token value: Token not available!
2025-08-22 16:51:15,850 - __main__ - INFO - Token value: Token not available!
2025-08-23 16:46:42,771 - __main__ - INFO - Token value: Token not available!
2025-08-24 16:48:29,905 - __main__ - INFO - Token value: Token not available!
2025-08-25 16:52:00,687 - __main__ - INFO - Token value: Token not available!
2025-08-26 16:50:29,583 - __main__ - INFO - Token value: Token not available!
2025-08-27 16:50:24,003 - __main__ - INFO - Token value: Token not available!
2025-08-28 16:50:13,426 - __main__ - INFO - Token value: Token not available!
2025-08-28 16:50:27,063 - __main__ - INFO - Token value: Token not available!
2025-08-29 16:49:35,257 - __main__ - INFO - Token value: Token not available!
2025-08-29 16:49:50,939 - __main__ - INFO - Token value: Token not available!
2025-08-30 16:46:14,282 - __main__ - INFO - Token value: Token not available!
2025-08-30 16:46:40,733 - __main__ - INFO - Token value: Token not available!
2025-08-31 16:46:47,065 - __main__ - INFO - Token value: Token not available!
2025-09-01 16:48:41,388 - __main__ - INFO - Token value: Token not available!
2025-09-02 16:49:48,217 - __main__ - INFO - Token value: Token not available!
2025-09-03 16:48:54,142 - __main__ - INFO - Token value: Token not available!
2025-09-04 16:49:45,180 - __main__ - INFO - Token value: Token not available!
2025-09-05 16:47:05,647 - __main__ - INFO - Token value: Token not available!
2025-09-06 16:44:52,301 - __main__ - INFO - Token value: Token not available!
2025-09-07 16:44:54,091 - __main__ - INFO - Token value: Token not available!
2025-09-08 16:49:53,176 - __main__ - INFO - Token value: Token not available!
2025-09-09 16:50:41,740 - __main__ - INFO - Token value: Token not available!
2025-09-10 16:48:32,241 - __main__ - INFO - Token value: Token not available!
2025-09-11 16:45:50,712 - __main__ - INFO - Token value: Token not available!
2025-09-11 16:46:50,976 - __main__ - INFO - Token value: Token not available!
2025-09-12 16:46:17,962 - __main__ - INFO - Token value: Token not available!
2025-09-13 16:43:55,656 - __main__ - INFO - Token value: Token not available!
2025-09-13 16:44:14,538 - __main__ - INFO - Token value: Token not available!
2025-09-14 16:44:09,304 - __main__ - INFO - Token value: Token not available!
2025-09-15 16:49:04,157 - __main__ - INFO - Token value: Token not available!
2025-09-15 16:49:18,354 - __main__ - INFO - Token value: Token not available!
2025-09-16 16:48:28,963 - __main__ - INFO - Token value: Token not available!
2025-09-17 16:48:52,043 - __main__ - INFO - Token value: Token not available!
2025-09-17 16:49:12,504 - __main__ - INFO - Token value: Token not available!
2025-09-18 16:47:56,990 - __main__ - INFO - Token value: Token not available!
2025-09-18 16:48:58,711 - __main__ - INFO - Token value: Token not available!
2025-09-19 16:48:53,353 - __main__ - INFO - Token value: Token not available!
2025-09-20 16:44:17,026 - __main__ - INFO - Token value: Token not available!
2025-09-21 16:45:38,876 - __main__ - INFO - Token value: Token not available!
2025-09-22 16:47:38,411 - __main__ - INFO - Token value: Token not available!
2025-09-23 16:49:40,159 - __main__ - INFO - Token value: Token not available!
2025-09-24 16:50:54,035 - __main__ - INFO - Token value: Token not available!
2025-09-25 16:50:26,176 - __main__ - INFO - Token value: Token not available!
2025-09-25 16:50:55,123 - __main__ - INFO - Token value: Token not available!
2025-09-26 16:48:54,971 - __main__ - INFO - Token value: Token not available!
2025-09-27 16:45:18,323 - __main__ - INFO - Token value: Token not available!
2025-09-28 16:44:09,919 - __main__ - INFO - Token value: Token not available!
2025-09-28 16:45:02,954 - __main__ - INFO - Token value: Token not available!
2025-09-29 16:44:05,598 - __main__ - INFO - Token value: Token not available!
2025-09-29 16:44:25,033 - __main__ - INFO - Token value: Token not available!
2025-09-30 16:49:57,408 - __main__ - INFO - Token value: Token not available!
2025-10-01 16:49:37,209 - __main__ - INFO - Token value: Token not available!
2025-10-01 16:50:07,218 - __main__ - INFO - Token value: Token not available!
2025-10-02 16:49:11,625 - __main__ - INFO - Token value: Token not available!
2025-10-02 16:49:27,535 - __main__ - INFO - Token value: Token not available!
2025-10-03 16:48:30,685 - __main__ - INFO - Token value: Token not available!
2025-10-04 16:45:23,734 - __main__ - INFO - Token value: Token not available!
2025-10-05 16:45:09,123 - __main__ - INFO - Token value: Token not available!
2025-10-06 16:49:33,684 - __main__ - INFO - Token value: Token not available!
2025-10-07 16:49:41,388 - __main__ - INFO - Token value: Token not available!
2025-10-07 16:50:04,381 - __main__ - INFO - Token value: Token not available!
2025-10-08 16:49:41,792 - __main__ - INFO - Token value: Token not available!
2025-10-09 16:51:46,971 - __main__ - INFO - Token value: Token not available!
2025-10-09 16:52:34,179 - __main__ - INFO - Token value: Token not available!
2025-10-10 16:48:54,220 - __main__ - INFO - Token value: Token not available!
2025-10-11 16:44:11,624 - __main__ - INFO - Token value: Token not available!
2025-10-11 16:45:09,505 - __main__ - INFO - Token value: Token not available!
2025-10-12 16:45:30,894 - __main__ - INFO - Token value: Token not available!
2025-10-13 16:48:51,394 - __main__ - INFO - Token value: Token not available!
2025-10-13 16:49:04,289 - __main__ - INFO - Token value: Token not available!
2025-10-14 16:49:45,842 - __main__ - INFO - Token value: Token not available!
